Start training KSC_Corrected dataset
Epoch 1, MSE Loss: 61130.0965, KL Loss: 80.4037
Epoch 2, MSE Loss: 23862.6257, KL Loss: 79.9362
Epoch 3, MSE Loss: 9529.2949, KL Loss: 80.4243
Epoch 4, MSE Loss: 4909.3647, KL Loss: 78.8666
Epoch 5, MSE Loss: 3605.1940, KL Loss: 75.9897
Epoch 6, MSE Loss: 3245.5859, KL Loss: 73.9302
Epoch 7, MSE Loss: 3091.5383, KL Loss: 72.5721
Epoch 8, MSE Loss: 3016.4582, KL Loss: 71.3779
Epoch 9, MSE Loss: 2938.3827, KL Loss: 70.5657
Epoch 10, MSE Loss: 2917.4001, KL Loss: 70.0953
Epoch 11, MSE Loss: 2868.7377, KL Loss: 69.2795
Epoch 12, MSE Loss: 2841.1485, KL Loss: 68.8102
Epoch 13, MSE Loss: 2817.2194, KL Loss: 68.4275
Epoch 14, MSE Loss: 2792.3697, KL Loss: 68.1410
Epoch 15, MSE Loss: 2804.6030, KL Loss: 67.8135
Epoch 16, MSE Loss: 2785.5592, KL Loss: 67.5280
Epoch 17, MSE Loss: 2746.9888, KL Loss: 67.4556
Epoch 18, MSE Loss: 2738.3295, KL Loss: 67.1720
Epoch 19, MSE Loss: 2727.0877, KL Loss: 67.1301
Epoch 20, MSE Loss: 2713.0227, KL Loss: 66.9993
Epoch 21, MSE Loss: 2707.1933, KL Loss: 66.7975
Epoch 22, MSE Loss: 2695.1299, KL Loss: 66.8463
Epoch 23, MSE Loss: 2687.9758, KL Loss: 66.7176
Epoch 24, MSE Loss: 2679.5098, KL Loss: 66.6822
Epoch 25, MSE Loss: 2674.7469, KL Loss: 66.5627
Epoch 26, MSE Loss: 2672.8647, KL Loss: 66.5921
Epoch 27, MSE Loss: 2658.5637, KL Loss: 66.5660
Epoch 28, MSE Loss: 2659.4330, KL Loss: 66.4474
Epoch 29, MSE Loss: 2657.0014, KL Loss: 66.5918
Epoch 30, MSE Loss: 2648.5965, KL Loss: 66.4927
Epoch 31, MSE Loss: 2645.8276, KL Loss: 66.4598
Epoch 32, MSE Loss: 2640.9217, KL Loss: 66.4487
Epoch 33, MSE Loss: 2643.8476, KL Loss: 66.3498
Epoch 34, MSE Loss: 2643.0881, KL Loss: 66.2507
Epoch 35, MSE Loss: 2633.7944, KL Loss: 66.3569
Epoch 36, MSE Loss: 2627.0345, KL Loss: 66.3528
Epoch 37, MSE Loss: 2625.5998, KL Loss: 66.2871
Epoch 38, MSE Loss: 2620.2119, KL Loss: 66.3361
Epoch 39, MSE Loss: 2617.8857, KL Loss: 66.3597
Epoch 40, MSE Loss: 2611.5943, KL Loss: 66.3300
Epoch 41, MSE Loss: 2615.7837, KL Loss: 66.3672
Epoch 42, MSE Loss: 2606.8850, KL Loss: 66.2426
Epoch 43, MSE Loss: 2608.8489, KL Loss: 66.3181
Epoch 44, MSE Loss: 2604.3408, KL Loss: 66.3309
Epoch 45, MSE Loss: 2602.7358, KL Loss: 66.3022
Epoch 46, MSE Loss: 2604.8956, KL Loss: 66.3060
Epoch 47, MSE Loss: 2603.7407, KL Loss: 66.3497
Epoch 48, MSE Loss: 2602.1341, KL Loss: 66.3109
Epoch 49, MSE Loss: 2598.5015, KL Loss: 66.3188
Epoch 50, MSE Loss: 2596.4913, KL Loss: 66.3543
Epoch 51, MSE Loss: 2597.8440, KL Loss: 66.2972
Epoch 52, MSE Loss: 2591.5748, KL Loss: 66.2999
Epoch 53, MSE Loss: 2596.0807, KL Loss: 66.3696
Epoch 54, MSE Loss: 2589.7723, KL Loss: 66.3307
Epoch 55, MSE Loss: 2587.8012, KL Loss: 66.3722
Epoch 56, MSE Loss: 2592.2472, KL Loss: 66.3636
Epoch 57, MSE Loss: 2591.1826, KL Loss: 66.3752
Epoch 58, MSE Loss: 2582.4281, KL Loss: 66.2881
Epoch 59, MSE Loss: 2585.3203, KL Loss: 66.3013
Epoch 60, MSE Loss: 2587.4458, KL Loss: 66.3641
Epoch 61, MSE Loss: 2586.3500, KL Loss: 66.3501
Epoch 62, MSE Loss: 2586.9663, KL Loss: 66.3758
Epoch 63, MSE Loss: 2587.2941, KL Loss: 66.3483
Epoch 64, MSE Loss: 2586.5635, KL Loss: 66.4217
Epoch 65, MSE Loss: 2587.3291, KL Loss: 66.4957
Epoch 66, MSE Loss: 2581.1098, KL Loss: 66.3628
Epoch 67, MSE Loss: 2584.4218, KL Loss: 66.4464
Epoch 68, MSE Loss: 2580.3624, KL Loss: 66.4006
Epoch 69, MSE Loss: 2578.5861, KL Loss: 66.3969
Epoch 70, MSE Loss: 2579.1744, KL Loss: 66.4757
Epoch 71, MSE Loss: 2585.4836, KL Loss: 66.4706
Epoch 72, MSE Loss: 2581.2000, KL Loss: 66.3946
Epoch 73, MSE Loss: 2577.4005, KL Loss: 66.4052
Epoch 74, MSE Loss: 2584.1236, KL Loss: 66.3967
Epoch 75, MSE Loss: 2577.9433, KL Loss: 66.4078
Epoch 76, MSE Loss: 2578.1080, KL Loss: 66.3928
Epoch 77, MSE Loss: 2574.1323, KL Loss: 66.4459
Epoch 78, MSE Loss: 2575.5602, KL Loss: 66.4915
Epoch 79, MSE Loss: 2576.4018, KL Loss: 66.4281
Epoch 80, MSE Loss: 2574.1261, KL Loss: 66.3774
Epoch 81, MSE Loss: 2578.7681, KL Loss: 66.3921
Epoch 82, MSE Loss: 2574.2006, KL Loss: 66.4699
Epoch 83, MSE Loss: 2575.6154, KL Loss: 66.4459
Epoch 84, MSE Loss: 2577.1937, KL Loss: 66.4534
Epoch 85, MSE Loss: 2573.4716, KL Loss: 66.4506
Epoch 86, MSE Loss: 2574.0369, KL Loss: 66.4322
Epoch 87, MSE Loss: 2572.9242, KL Loss: 66.4881
Epoch 88, MSE Loss: 2574.3218, KL Loss: 66.5078
Epoch 89, MSE Loss: 2575.2473, KL Loss: 66.5126
Epoch 90, MSE Loss: 2575.4644, KL Loss: 66.4687
Epoch 91, MSE Loss: 2575.7572, KL Loss: 66.4981
Epoch 92, MSE Loss: 2571.6153, KL Loss: 66.4838
Epoch 93, MSE Loss: 2571.6814, KL Loss: 66.5053
Epoch 94, MSE Loss: 2574.3196, KL Loss: 66.4913
Epoch 95, MSE Loss: 2575.2774, KL Loss: 66.5040
Epoch 96, MSE Loss: 2575.4297, KL Loss: 66.4940
Epoch 97, MSE Loss: 2576.5414, KL Loss: 66.5083
Epoch 98, MSE Loss: 2569.6918, KL Loss: 66.4358
Epoch 99, MSE Loss: 2569.5659, KL Loss: 66.4389
Epoch 100, MSE Loss: 2574.0192, KL Loss: 66.4719
Finish training KSC_Corrected dataset
Save checkpoint to ./experiments/models/checkpoints/VAE/KSC_Corrected
finish all datasets
